
> banarts-backend@1.0.0 start
> node server.js

Connected to SQLite database
Database tables initialized
Database initialized - preserving existing data
Artworks column added or already exists
Exhibitors column added or already exists
Status column added or already exists
expires_at column added or already exists
Database initialization complete
Routes defined
PORT: 3002
About to listen on port 3002
Port 3002 is already in use (EADDRINUSE).
Find and stop the occupying process, or set a different PORT env var.
Server error: Error: listen EADDRINUSE: address already in use :::3002
    at Server.setupListenHandle [as _listen2] (node:net:1940:16)
    at listenInCluster (node:net:1997:12)
    at Server.listen (node:net:2102:7)
    at startServer (c:\Users\iBenjPC\Downloads\New System BanArts\server.js:105:10)
    at c:\Users\iBenjPC\Downloads\New System BanArts\server.js:61:7
    at c:\Users\iBenjPC\Downloads\New System BanArts\server.js:464:27
    at replacement (c:\Users\iBenjPC\Downloads\New System BanArts\node_modules\sqlite3\lib\trace.js:25:27)
    at Statement.errBack (c:\Users\iBenjPC\Downloads\New System BanArts\node_modules\sqlite3\lib\sqlite3.js:15:21) {
  code: 'EADDRINUSE',
  errno: -4091,
  syscall: 'listen',
  address: '::',
  port: 3002
}
Shutting down server...
DB closed
